Added Component: Designator=1(ws2812b)
Added Component: Designator=2(ws2812b)
Added Component: Designator=3(ws2812b)
Added Component: Designator=4(ws2812b)
Added Component: Designator=5(ws2812b)
Added Component: Designator=6(ws2812b)
Added Component: Designator=7(ws2812b)
Added Component: Designator=8(ws2812b)
Added Component: Designator=9(ws2812b)
Added Component: Designator=10(ws2812b)
Added Component: Designator=11(ws2812b)
Added Component: Designator=12(ws2812b)
Added Component: Designator=13(ws2812b)
Added Component: Designator=14(ws2812b)
Added Component: Designator=15(ws2812b)
Added Component: Designator=16(ws2812b)
Added Component: Designator=17(ws2812b)
Added Component: Designator=18(ws2812b)
Added Component: Designator=19(ws2812b)
Added Component: Designator=20(ws2812b)
Added Component: Designator=21(ws2812b)
Added Component: Designator=22(ws2812b)
Added Component: Designator=23(ws2812b)
Added Component: Designator=24(ws2812b)
Added Component: Designator=B(SW 6mm)
Added Component: Designator=c1(6-0805_N)
Added Component: Designator=c2(6-0805_N)
Added Component: Designator=c3(6-0805_N)
Added Component: Designator=c4(6-0805_N)
Added Component: Designator=c5(6-0805_N)
Added Component: Designator=c6(6-0805_N)
Added Component: Designator=c7(6-0805_N)
Added Component: Designator=c8(6-0805_N)
Added Component: Designator=c9(6-0805_N)
Added Component: Designator=c10(6-0805_N)
Added Component: Designator=c11(6-0805_N)
Added Component: Designator=c12(6-0805_N)
Added Component: Designator=CB(6-0805_N)
Added Component: Designator=RB(6-0805_N)
Added Component: Designator=Rin(6-0805_N)
Added Pin To Net: NetName=BUTTON Pin=B-2
Added Pin To Net: NetName=BUTTON Pin=CB-2
Added Net: Name=BUTTON
Added Pin To Net: NetName=DIN Pin=Rin-1
Added Net: Name=DIN
Added Pin To Net: NetName=GND Pin=1-3
Added Pin To Net: NetName=GND Pin=2-3
Added Pin To Net: NetName=GND Pin=3-3
Added Pin To Net: NetName=GND Pin=4-3
Added Pin To Net: NetName=GND Pin=5-3
Added Pin To Net: NetName=GND Pin=6-3
Added Pin To Net: NetName=GND Pin=7-3
Added Pin To Net: NetName=GND Pin=8-3
Added Pin To Net: NetName=GND Pin=9-3
Added Pin To Net: NetName=GND Pin=10-3
Added Pin To Net: NetName=GND Pin=11-3
Added Pin To Net: NetName=GND Pin=12-3
Added Pin To Net: NetName=GND Pin=13-3
Added Pin To Net: NetName=GND Pin=14-3
Added Pin To Net: NetName=GND Pin=15-3
Added Pin To Net: NetName=GND Pin=16-3
Added Pin To Net: NetName=GND Pin=17-3
Added Pin To Net: NetName=GND Pin=18-3
Added Pin To Net: NetName=GND Pin=19-3
Added Pin To Net: NetName=GND Pin=20-3
Added Pin To Net: NetName=GND Pin=21-3
Added Pin To Net: NetName=GND Pin=22-3
Added Pin To Net: NetName=GND Pin=23-3
Added Pin To Net: NetName=GND Pin=24-3
Added Pin To Net: NetName=GND Pin=c1-1
Added Pin To Net: NetName=GND Pin=c2-1
Added Pin To Net: NetName=GND Pin=c3-1
Added Pin To Net: NetName=GND Pin=c4-1
Added Pin To Net: NetName=GND Pin=c5-1
Added Pin To Net: NetName=GND Pin=c6-1
Added Pin To Net: NetName=GND Pin=c7-1
Added Pin To Net: NetName=GND Pin=c8-1
Added Pin To Net: NetName=GND Pin=c9-1
Added Pin To Net: NetName=GND Pin=c10-1
Added Pin To Net: NetName=GND Pin=c11-1
Added Pin To Net: NetName=GND Pin=c12-1
Added Pin To Net: NetName=GND Pin=CB-1
Added Pin To Net: NetName=GND Pin=RB-1
Added Net: Name=GND
Added Pin To Net: NetName=Net1_2 Pin=1-2
Added Pin To Net: NetName=Net1_2 Pin=2-4
Added Net: Name=Net1_2
Added Pin To Net: NetName=Net1_4 Pin=1-4
Added Pin To Net: NetName=Net1_4 Pin=Rin-2
Added Net: Name=Net1_4
Added Pin To Net: NetName=Net2_2 Pin=2-2
Added Pin To Net: NetName=Net2_2 Pin=3-4
Added Net: Name=Net2_2
Added Pin To Net: NetName=Net3_2 Pin=3-2
Added Pin To Net: NetName=Net3_2 Pin=4-4
Added Net: Name=Net3_2
Added Pin To Net: NetName=Net4_2 Pin=4-2
Added Pin To Net: NetName=Net4_2 Pin=5-4
Added Net: Name=Net4_2
Added Pin To Net: NetName=Net5_2 Pin=5-2
Added Pin To Net: NetName=Net5_2 Pin=6-4
Added Net: Name=Net5_2
Added Pin To Net: NetName=Net6_2 Pin=6-2
Added Pin To Net: NetName=Net6_2 Pin=7-4
Added Net: Name=Net6_2
Added Pin To Net: NetName=Net7_2 Pin=7-2
Added Pin To Net: NetName=Net7_2 Pin=8-4
Added Net: Name=Net7_2
Added Pin To Net: NetName=Net8_2 Pin=8-2
Added Pin To Net: NetName=Net8_2 Pin=9-4
Added Net: Name=Net8_2
Added Pin To Net: NetName=Net9_2 Pin=9-2
Added Pin To Net: NetName=Net9_2 Pin=10-4
Added Net: Name=Net9_2
Added Pin To Net: NetName=Net10_2 Pin=10-2
Added Pin To Net: NetName=Net10_2 Pin=11-4
Added Net: Name=Net10_2
Added Pin To Net: NetName=Net11_2 Pin=11-2
Added Pin To Net: NetName=Net11_2 Pin=12-4
Added Net: Name=Net11_2
Added Pin To Net: NetName=Net12_2 Pin=12-2
Added Pin To Net: NetName=Net12_2 Pin=13-4
Added Net: Name=Net12_2
Added Pin To Net: NetName=Net13_2 Pin=13-2
Added Pin To Net: NetName=Net13_2 Pin=14-4
Added Net: Name=Net13_2
Added Pin To Net: NetName=Net14_2 Pin=14-2
Added Pin To Net: NetName=Net14_2 Pin=15-4
Added Net: Name=Net14_2
Added Pin To Net: NetName=Net15_2 Pin=15-2
Added Pin To Net: NetName=Net15_2 Pin=16-4
Added Net: Name=Net15_2
Added Pin To Net: NetName=Net16_2 Pin=16-2
Added Pin To Net: NetName=Net16_2 Pin=17-4
Added Net: Name=Net16_2
Added Pin To Net: NetName=Net17_2 Pin=17-2
Added Pin To Net: NetName=Net17_2 Pin=18-4
Added Net: Name=Net17_2
Added Pin To Net: NetName=Net18_2 Pin=18-2
Added Pin To Net: NetName=Net18_2 Pin=19-4
Added Net: Name=Net18_2
Added Pin To Net: NetName=Net19_2 Pin=19-2
Added Pin To Net: NetName=Net19_2 Pin=20-4
Added Net: Name=Net19_2
Added Pin To Net: NetName=Net20_2 Pin=20-2
Added Pin To Net: NetName=Net20_2 Pin=21-4
Added Net: Name=Net20_2
Added Pin To Net: NetName=Net21_2 Pin=21-2
Added Pin To Net: NetName=Net21_2 Pin=22-4
Added Net: Name=Net21_2
Added Pin To Net: NetName=Net22_2 Pin=22-2
Added Pin To Net: NetName=Net22_2 Pin=23-4
Added Net: Name=Net22_2
Added Pin To Net: NetName=Net23_2 Pin=23-2
Added Pin To Net: NetName=Net23_2 Pin=24-4
Added Net: Name=Net23_2
Added Pin To Net: NetName=NetB_1 Pin=B-1
Added Pin To Net: NetName=NetB_1 Pin=RB-2
Added Net: Name=NetB_1
Added Pin To Net: NetName=VCC Pin=1-1
Added Pin To Net: NetName=VCC Pin=2-1
Added Pin To Net: NetName=VCC Pin=3-1
Added Pin To Net: NetName=VCC Pin=4-1
Added Pin To Net: NetName=VCC Pin=5-1
Added Pin To Net: NetName=VCC Pin=6-1
Added Pin To Net: NetName=VCC Pin=7-1
Added Pin To Net: NetName=VCC Pin=8-1
Added Pin To Net: NetName=VCC Pin=9-1
Added Pin To Net: NetName=VCC Pin=10-1
Added Pin To Net: NetName=VCC Pin=11-1
Added Pin To Net: NetName=VCC Pin=12-1
Added Pin To Net: NetName=VCC Pin=13-1
Added Pin To Net: NetName=VCC Pin=14-1
Added Pin To Net: NetName=VCC Pin=15-1
Added Pin To Net: NetName=VCC Pin=16-1
Added Pin To Net: NetName=VCC Pin=17-1
Added Pin To Net: NetName=VCC Pin=18-1
Added Pin To Net: NetName=VCC Pin=19-1
Added Pin To Net: NetName=VCC Pin=20-1
Added Pin To Net: NetName=VCC Pin=21-1
Added Pin To Net: NetName=VCC Pin=22-1
Added Pin To Net: NetName=VCC Pin=23-1
Added Pin To Net: NetName=VCC Pin=24-1
Added Pin To Net: NetName=VCC Pin=c1-2
Added Pin To Net: NetName=VCC Pin=c2-2
Added Pin To Net: NetName=VCC Pin=c3-2
Added Pin To Net: NetName=VCC Pin=c4-2
Added Pin To Net: NetName=VCC Pin=c5-2
Added Pin To Net: NetName=VCC Pin=c6-2
Added Pin To Net: NetName=VCC Pin=c7-2
Added Pin To Net: NetName=VCC Pin=c8-2
Added Pin To Net: NetName=VCC Pin=c9-2
Added Pin To Net: NetName=VCC Pin=c10-2
Added Pin To Net: NetName=VCC Pin=c11-2
Added Pin To Net: NetName=VCC Pin=c12-2
Added Net: Name=VCC
Added Class: Name=Schematic_PixelRing
Added Room: Name=Schematic_PixelRing
